# JRE version: OpenJDK Runtime Environment Microsoft-8035250 (11.0.20+8) (build 11.0.20+8-LTS)
# Java VM: OpenJDK 64-Bit Server VM Microsoft-8035250 (11.0.20+8-LTS, mixed mode, tiered, compressed oops, g1 gc, windows-amd64)
Heap:
 garbage-first heap   total 131072K, used 36457K [0x0000000080000000, 0x0000000100000000)
  region size 1024K, 17 young (17408K), 9 survivors (9216K)
 Metaspace       used 41609K, capacity 42742K, committed 42832K, reserved 555008K
  class space    used 5201K, capacity 5625K, committed 5632K, reserved 516096K
GC Heap History (16 events):
Event: 2.383 GC heap before
{Heap before GC invocations=0 (full 0):
 garbage-first heap   total 131072K, used 13312K [0x0000000080000000, 0x0000000100000000)
  region size 1024K, 14 young (14336K), 0 survivors (0K)
 Metaspace       used 6795K, capacity 6985K, committed 7168K, reserved 524288K
  class space    used 573K, capacity 650K, committed 768K, reserved 516096K
}
Event: 3.207 GC heap after
{Heap after GC invocations=1 (full 0):
 garbage-first heap   total 131072K, used 4110K [0x0000000080000000, 0x0000000100000000)
  region size 1024K, 2 young (2048K), 2 survivors (2048K)
 Metaspace       used 6795K, capacity 6985K, committed 7168K, reserved 524288K
  class space    used 573K, capacity 650K, committed 768K, reserved 516096K
}
Event: 5.065 GC heap before
{Heap before GC invocations=1 (full 0):
 garbage-first heap   total 131072K, used 17422K [0x0000000080000000, 0x0000000100000000)
  region size 1024K, 12 young (12288K), 2 survivors (2048K)
 Metaspace       used 9806K, capacity 10016K, committed 10112K, reserved 526336K
  class space    used 994K, capacity 1069K, committed 1152K, reserved 516096K
}
Event: 5.067 GC heap after
{Heap after GC invocations=2 (full 0):
 garbage-first heap   total 131072K, used 10420K [0x0000000080000000, 0x0000000100000000)
  region size 1024K, 2 young (2048K), 2 survivors (2048K)
 Metaspace       used 9806K, capacity 10016K, committed 10112K, reserved 526336K
  class space    used 994K, capacity 1069K, committed 1152K, reserved 516096K
}
Event: 27.765 GC heap before
{Heap before GC invocations=2 (full 0):
 garbage-first heap   total 131072K, used 87220K [0x0000000080000000, 0x0000000100000000)
  region size 1024K, 76 young (77824K), 2 survivors (2048K)
 Metaspace       used 19315K, capacity 19724K, committed 19840K, reserved 534528K
  class space    used 2202K, capacity 2346K, committed 2432K, reserved 516096K
}
Event: 27.889 GC heap after
{Heap after GC invocations=3 (full 0):
 garbage-first heap   total 131072K, used 17975K [0x0000000080000000, 0x0000000100000000)
  region size 1024K, 10 young (10240K), 10 survivors (10240K)
 Metaspace       used 19315K, capacity 19724K, committed 19840K, reserved 534528K
  class space    used 2202K, capacity 2346K, committed 2432K, reserved 516096K
}
Event: 28.984 GC heap before
{Heap before GC invocations=3 (full 0):
 garbage-first heap   total 131072K, used 30263K [0x0000000080000000, 0x0000000100000000)
  region size 1024K, 23 young (23552K), 10 survivors (10240K)
 Metaspace       used 20765K, capacity 21123K, committed 21296K, reserved 536576K
  class space    used 2438K, capacity 2607K, committed 2688K, reserved 516096K
}
Event: 28.995 GC heap after
{Heap after GC invocations=4 (full 0):
 garbage-first heap   total 131072K, used 18652K [0x0000000080000000, 0x0000000100000000)
  region size 1024K, 1 young (1024K), 1 survivors (1024K)
 Metaspace       used 20765K, capacity 21123K, committed 21296K, reserved 536576K
  class space    used 2438K, capacity 2607K, committed 2688K, reserved 516096K
}
Event: 37.397 GC heap before
{Heap before GC invocations=5 (full 0):
 garbage-first heap   total 131072K, used 80092K [0x0000000080000000, 0x0000000100000000)
  region size 1024K, 61 young (62464K), 1 survivors (1024K)
 Metaspace       used 26546K, capacity 27118K, committed 27440K, reserved 540672K
  class space    used 3358K, capacity 3588K, committed 3712K, reserved 516096K
}
Event: 37.402 GC heap after
{Heap after GC invocations=6 (full 0):
 garbage-first heap   total 131072K, used 20845K [0x0000000080000000, 0x0000000100000000)
  region size 1024K, 3 young (3072K), 3 survivors (3072K)
 Metaspace       used 26546K, capacity 27118K, committed 27440K, reserved 540672K
  class space    used 3358K, capacity 3588K, committed 3712K, reserved 516096K
}
Event: 48.483 GC heap before
{Heap before GC invocations=6 (full 0):
 garbage-first heap   total 131072K, used 87405K [0x0000000080000000, 0x0000000100000000)
  region size 1024K, 68 young (69632K), 3 survivors (3072K)
 Metaspace       used 33370K, capacity 34198K, committed 34352K, reserved 546816K
  class space    used 4353K, capacity 4676K, committed 4736K, reserved 516096K
}
Event: 48.492 GC heap after
{Heap after GC invocations=7 (full 0):
 garbage-first heap   total 131072K, used 23207K [0x0000000080000000, 0x0000000100000000)
  region size 1024K, 6 young (6144K), 6 survivors (6144K)
 Metaspace       used 33370K, capacity 34198K, committed 34352K, reserved 546816K
  class space    used 4353K, capacity 4676K, committed 4736K, reserved 516096K
}
Event: 49.969 GC heap before
{Heap before GC invocations=7 (full 0):
 garbage-first heap   total 131072K, used 28327K [0x0000000080000000, 0x0000000100000000)
  region size 1024K, 12 young (12288K), 6 survivors (6144K)
 Metaspace       used 34933K, capacity 35822K, committed 35920K, reserved 548864K
  class space    used 4443K, capacity 4813K, committed 4864K, reserved 516096K
}
Event: 49.979 GC heap after
{Heap after GC invocations=8 (full 0):
 garbage-first heap   total 131072K, used 24088K [0x0000000080000000, 0x0000000100000000)
  region size 1024K, 6 young (6144K), 6 survivors (6144K)
 Metaspace       used 34933K, capacity 35822K, committed 35920K, reserved 548864K
  class space    used 4443K, capacity 4813K, committed 4864K, reserved 516096K
}
Event: 75.906 GC heap before
{Heap before GC invocations=9 (full 0):
 garbage-first heap   total 131072K, used 92696K [0x0000000080000000, 0x0000000100000000)
  region size 1024K, 71 young (72704K), 6 survivors (6144K)
 Metaspace       used 41233K, capacity 42256K, committed 42448K, reserved 555008K
  class space    used 5135K, capacity 5503K, committed 5504K, reserved 516096K
}
Event: 75.921 GC heap after
{Heap after GC invocations=10 (full 0):
 garbage-first heap   total 131072K, used 29289K [0x0000000080000000, 0x0000000100000000)
  region size 1024K, 9 young (9216K), 9 survivors (9216K)
 Metaspace       used 41233K, capacity 42256K, committed 42448K, reserved 555008K
  class space    used 5135K, capacity 5503K, committed 5504K, reserved 516096K
}

