# JRE version: OpenJDK Runtime Environment Microsoft-8035250 (11.0.20+8) (build 11.0.20+8-LTS)
# Java VM: OpenJDK 64-Bit Server VM Microsoft-8035250 (11.0.20+8-LTS, mixed mode, tiered, compressed oops, g1 gc, windows-amd64)
Heap:
 garbage-first heap   total 131072K, used 44504K [0x0000000080000000, 0x0000000100000000)
  region size 1024K, 24 young (24576K), 8 survivors (8192K)
 Metaspace       used 41842K, capacity 42983K, committed 43216K, reserved 555008K
  class space    used 5230K, capacity 5636K, committed 5760K, reserved 516096K
GC Heap History (14 events):
Event: 4.413 GC heap before
{Heap before GC invocations=0 (full 0):
 garbage-first heap   total 131072K, used 13312K [0x0000000080000000, 0x0000000100000000)
  region size 1024K, 14 young (14336K), 0 survivors (0K)
 Metaspace       used 6798K, capacity 7001K, committed 7168K, reserved 524288K
  class space    used 574K, capacity 650K, committed 768K, reserved 516096K
}
Event: 5.907 GC heap after
{Heap after GC invocations=1 (full 0):
 garbage-first heap   total 131072K, used 4287K [0x0000000080000000, 0x0000000100000000)
  region size 1024K, 2 young (2048K), 2 survivors (2048K)
 Metaspace       used 6798K, capacity 7001K, committed 7168K, reserved 524288K
  class space    used 574K, capacity 650K, committed 768K, reserved 516096K
}
Event: 24.195 GC heap before
{Heap before GC invocations=1 (full 0):
 garbage-first heap   total 131072K, used 84159K [0x0000000080000000, 0x0000000100000000)
  region size 1024K, 76 young (77824K), 2 survivors (2048K)
 Metaspace       used 17644K, capacity 17995K, committed 18304K, reserved 532480K
  class space    used 1976K, capacity 2104K, committed 2176K, reserved 516096K
}
Event: 24.556 GC heap after
{Heap after GC invocations=2 (full 0):
 garbage-first heap   total 131072K, used 17240K [0x0000000080000000, 0x0000000100000000)
  region size 1024K, 10 young (10240K), 10 survivors (10240K)
 Metaspace       used 17644K, capacity 17995K, committed 18304K, reserved 532480K
  class space    used 1976K, capacity 2104K, committed 2176K, reserved 516096K
}
Event: 26.048 GC heap before
{Heap before GC invocations=2 (full 0):
 garbage-first heap   total 131072K, used 39768K [0x0000000080000000, 0x0000000100000000)
  region size 1024K, 33 young (33792K), 10 survivors (10240K)
 Metaspace       used 20772K, capacity 21140K, committed 21296K, reserved 536576K
  class space    used 2439K, capacity 2607K, committed 2688K, reserved 516096K
}
Event: 26.057 GC heap after
{Heap after GC invocations=3 (full 0):
 garbage-first heap   total 131072K, used 18929K [0x0000000080000000, 0x0000000100000000)
  region size 1024K, 2 young (2048K), 2 survivors (2048K)
 Metaspace       used 20772K, capacity 21140K, committed 21296K, reserved 536576K
  class space    used 2439K, capacity 2607K, committed 2688K, reserved 516096K
}
Event: 32.894 GC heap before
{Heap before GC invocations=4 (full 0):
 garbage-first heap   total 131072K, used 61937K [0x0000000080000000, 0x0000000100000000)
  region size 1024K, 44 young (45056K), 2 survivors (2048K)
 Metaspace       used 24967K, capacity 25624K, committed 25776K, reserved 538624K
  class space    used 3095K, capacity 3317K, committed 3328K, reserved 516096K
}
Event: 32.898 GC heap after
{Heap after GC invocations=5 (full 0):
 garbage-first heap   total 131072K, used 20385K [0x0000000080000000, 0x0000000100000000)
  region size 1024K, 3 young (3072K), 3 survivors (3072K)
 Metaspace       used 24967K, capacity 25624K, committed 25776K, reserved 538624K
  class space    used 3095K, capacity 3317K, committed 3328K, reserved 516096K
}
Event: 41.898 GC heap before
{Heap before GC invocations=5 (full 0):
 garbage-first heap   total 131072K, used 75681K [0x0000000080000000, 0x0000000100000000)
  region size 1024K, 57 young (58368K), 3 survivors (3072K)
 Metaspace       used 30111K, capacity 30866K, committed 31024K, reserved 544768K
  class space    used 3895K, capacity 4177K, committed 4224K, reserved 516096K
}
Event: 41.904 GC heap after
{Heap after GC invocations=6 (full 0):
 garbage-first heap   total 131072K, used 22256K [0x0000000080000000, 0x0000000100000000)
  region size 1024K, 5 young (5120K), 5 survivors (5120K)
 Metaspace       used 30111K, capacity 30866K, committed 31024K, reserved 544768K
  class space    used 3895K, capacity 4177K, committed 4224K, reserved 516096K
}
Event: 49.105 GC heap before
{Heap before GC invocations=6 (full 0):
 garbage-first heap   total 131072K, used 52976K [0x0000000080000000, 0x0000000100000000)
  region size 1024K, 36 young (36864K), 5 survivors (5120K)
 Metaspace       used 34885K, capacity 35776K, committed 35920K, reserved 548864K
  class space    used 4444K, capacity 4813K, committed 4864K, reserved 516096K
}
Event: 49.113 GC heap after
{Heap after GC invocations=7 (full 0):
 garbage-first heap   total 131072K, used 24422K [0x0000000080000000, 0x0000000100000000)
  region size 1024K, 6 young (6144K), 6 survivors (6144K)
 Metaspace       used 34885K, capacity 35776K, committed 35920K, reserved 548864K
  class space    used 4444K, capacity 4813K, committed 4864K, reserved 516096K
}
Event: 75.141 GC heap before
{Heap before GC invocations=8 (full 0):
 garbage-first heap   total 131072K, used 86886K [0x0000000080000000, 0x0000000100000000)
  region size 1024K, 64 young (65536K), 6 survivors (6144K)
 Metaspace       used 41016K, capacity 42006K, committed 42192K, reserved 552960K
  class space    used 5118K, capacity 5498K, committed 5504K, reserved 516096K
}
Event: 75.191 GC heap after
{Heap after GC invocations=9 (full 0):
 garbage-first heap   total 131072K, used 29144K [0x0000000080000000, 0x0000000100000000)
  region size 1024K, 8 young (8192K), 8 survivors (8192K)
 Metaspace       used 41016K, capacity 42006K, committed 42192K, reserved 552960K
  class space    used 5118K, capacity 5498K, committed 5504K, reserved 516096K
}

